# JRE version: Java(TM) SE Runtime Environment (8.0_191-b12) (build 1.8.0_191-b12)
# Java VM: Java HotSpot(TM) 64-Bit Server VM (25.191-b12 mixed mode windows-amd64 compressed oops)
Heap:
 PSYoungGen      total 98816K, used 5530K [0x00000000d6000000, 0x00000000dea00000, 0x0000000100000000)
  eden space 93696K, 5% used [0x00000000d6000000,0x00000000d6566800,0x00000000dbb80000)
  from space 5120K, 0% used [0x00000000de000000,0x00000000de000000,0x00000000de500000)
  to   space 5120K, 0% used [0x00000000de500000,0x00000000de500000,0x00000000dea00000)
 ParOldGen       total 89600K, used 28432K [0x0000000082000000, 0x0000000087780000, 0x00000000d6000000)
  object space 89600K, 31% used [0x0000000082000000,0x0000000083bc4320,0x0000000087780000)
 Metaspace       used 35325K, capacity 36658K, committed 36952K, reserved 1081344K
  class space    used 4876K, capacity 5157K, committed 5208K, reserved 1048576K
GC Heap History (10 events):
Event: 1.746 GC heap before
{Heap before GC invocations=3 (full 0):
 PSYoungGen      total 70656K, used 33961K [0x00000000d6000000, 0x00000000daa00000, 0x0000000100000000)
  eden space 65536K, 44% used [0x00000000d6000000,0x00000000d7c2d990,0x00000000da000000)
  from space 5120K, 99% used [0x00000000da500000,0x00000000da9fcb90,0x00000000daa00000)
  to   space 5120K, 0% used [0x00000000da000000,0x00000000da000000,0x00000000da500000)
 ParOldGen       total 86016K, used 14436K [0x0000000082000000, 0x0000000087400000, 0x00000000d6000000)
  object space 86016K, 16% used [0x0000000082000000,0x0000000082e19238,0x0000000087400000)
 Metaspace       used 20512K, capacity 21194K, committed 21248K, reserved 1067008K
  class space    used 2834K, capacity 3033K, committed 3072K, reserved 1048576K
Event: 1.756 GC heap after
Heap after GC invocations=3 (full 0):
 PSYoungGen      total 70656K, used 5098K [0x00000000d6000000, 0x00000000dea00000, 0x0000000100000000)
  eden space 65536K, 0% used [0x00000000d6000000,0x00000000d6000000,0x00000000da000000)
  from space 5120K, 99% used [0x00000000da000000,0x00000000da4fa860,0x00000000da500000)
  to   space 5120K, 0% used [0x00000000de500000,0x00000000de500000,0x00000000dea00000)
 ParOldGen       total 86016K, used 18696K [0x0000000082000000, 0x0000000087400000, 0x00000000d6000000)
  object space 86016K, 21% used [0x0000000082000000,0x0000000083242260,0x0000000087400000)
 Metaspace       used 20512K, capacity 21194K, committed 21248K, reserved 1067008K
  class space    used 2834K, capacity 3033K, committed 3072K, reserved 1048576K
}
Event: 1.756 GC heap before
{Heap before GC invocations=4 (full 1):
 PSYoungGen      total 70656K, used 5098K [0x00000000d6000000, 0x00000000dea00000, 0x0000000100000000)
  eden space 65536K, 0% used [0x00000000d6000000,0x00000000d6000000,0x00000000da000000)
  from space 5120K, 99% used [0x00000000da000000,0x00000000da4fa860,0x00000000da500000)
  to   space 5120K, 0% used [0x00000000de500000,0x00000000de500000,0x00000000dea00000)
 ParOldGen       total 86016K, used 18696K [0x0000000082000000, 0x0000000087400000, 0x00000000d6000000)
  object space 86016K, 21% used [0x0000000082000000,0x0000000083242260,0x0000000087400000)
 Metaspace       used 20512K, capacity 21194K, committed 21248K, reserved 1067008K
  class space    used 2834K, capacity 3033K, committed 3072K, reserved 1048576K
Event: 1.789 GC heap after
Heap after GC invocations=4 (full 1):
 PSYoungGen      total 70656K, used 0K [0x00000000d6000000, 0x00000000dea00000, 0x0000000100000000)
  eden space 65536K, 0% used [0x00000000d6000000,0x00000000d6000000,0x00000000da000000)
  from space 5120K, 0% used [0x00000000da000000,0x00000000da000000,0x00000000da500000)
  to   space 5120K, 0% used [0x00000000de500000,0x00000000de500000,0x00000000dea00000)
 ParOldGen       total 89600K, used 22632K [0x0000000082000000, 0x0000000087780000, 0x00000000d6000000)
  object space 89600K, 25% used [0x0000000082000000,0x000000008361a0e0,0x0000000087780000)
 Metaspace       used 20512K, capacity 21194K, committed 21248K, reserved 1067008K
  class space    used 2834K, capacity 3033K, committed 3072K, reserved 1048576K
}
Event: 2.839 GC heap before
{Heap before GC invocations=5 (full 1):
 PSYoungGen      total 70656K, used 65536K [0x00000000d6000000, 0x00000000dea00000, 0x0000000100000000)
  eden space 65536K, 100% used [0x00000000d6000000,0x00000000da000000,0x00000000da000000)
  from space 5120K, 0% used [0x00000000da000000,0x00000000da000000,0x00000000da500000)
  to   space 5120K, 0% used [0x00000000de500000,0x00000000de500000,0x00000000dea00000)
 ParOldGen       total 89600K, used 22632K [0x0000000082000000, 0x0000000087780000, 0x00000000d6000000)
  object space 89600K, 25% used [0x0000000082000000,0x000000008361a0e0,0x0000000087780000)
 Metaspace       used 28612K, capacity 29346K, committed 29696K, reserved 1075200K
  class space    used 3799K, capacity 3985K, committed 4096K, reserved 1048576K
Event: 2.850 GC heap after
Heap after GC invocations=5 (full 1):
 PSYoungGen      total 98816K, used 5116K [0x00000000d6000000, 0x00000000dea00000, 0x0000000100000000)
  eden space 93696K, 0% used [0x00000000d6000000,0x00000000d6000000,0x00000000dbb80000)
  from space 5120K, 99% used [0x00000000de500000,0x00000000de9ff268,0x00000000dea00000)
  to   space 5120K, 0% used [0x00000000de000000,0x00000000de000000,0x00000000de500000)
 ParOldGen       total 89600K, used 27011K [0x0000000082000000, 0x0000000087780000, 0x00000000d6000000)
  object space 89600K, 30% used [0x0000000082000000,0x0000000083a60f10,0x0000000087780000)
 Metaspace       used 28612K, capacity 29346K, committed 29696K, reserved 1075200K
  class space    used 3799K, capacity 3985K, committed 4096K, reserved 1048576K
}
Event: 3.542 GC heap before
{Heap before GC invocations=6 (full 1):
 PSYoungGen      total 98816K, used 61104K [0x00000000d6000000, 0x00000000dea00000, 0x0000000100000000)
  eden space 93696K, 59% used [0x00000000d6000000,0x00000000d96ace10,0x00000000dbb80000)
  from space 5120K, 99% used [0x00000000de500000,0x00000000de9ff268,0x00000000dea00000)
  to   space 5120K, 0% used [0x00000000de000000,0x00000000de000000,0x00000000de500000)
 ParOldGen       total 89600K, used 27011K [0x0000000082000000, 0x0000000087780000, 0x00000000d6000000)
  object space 89600K, 30% used [0x0000000082000000,0x0000000083a60f10,0x0000000087780000)
 Metaspace       used 34299K, capacity 35300K, committed 35416K, reserved 1079296K
  class space    used 4665K, capacity 4896K, committed 4952K, reserved 1048576K
Event: 3.551 GC heap after
Heap after GC invocations=6 (full 1):
 PSYoungGen      total 98816K, used 5102K [0x00000000d6000000, 0x00000000dea00000, 0x0000000100000000)
  eden space 93696K, 0% used [0x00000000d6000000,0x00000000d6000000,0x00000000dbb80000)
  from space 5120K, 99% used [0x00000000de000000,0x00000000de4fba80,0x00000000de500000)
  to   space 5120K, 0% used [0x00000000de500000,0x00000000de500000,0x00000000dea00000)
 ParOldGen       total 89600K, used 31156K [0x0000000082000000, 0x0000000087780000, 0x00000000d6000000)
  object space 89600K, 34% used [0x0000000082000000,0x0000000083e6d200,0x0000000087780000)
 Metaspace       used 34299K, capacity 35300K, committed 35416K, reserved 1079296K
  class space    used 4665K, capacity 4896K, committed 4952K, reserved 1048576K
}
Event: 3.551 GC heap before
{Heap before GC invocations=7 (full 2):
 PSYoungGen      total 98816K, used 5102K [0x00000000d6000000, 0x00000000dea00000, 0x0000000100000000)
  eden space 93696K, 0% used [0x00000000d6000000,0x00000000d6000000,0x00000000dbb80000)
  from space 5120K, 99% used [0x00000000de000000,0x00000000de4fba80,0x00000000de500000)
  to   space 5120K, 0% used [0x00000000de500000,0x00000000de500000,0x00000000dea00000)
 ParOldGen       total 89600K, used 31156K [0x0000000082000000, 0x0000000087780000, 0x00000000d6000000)
  object space 89600K, 34% used [0x0000000082000000,0x0000000083e6d200,0x0000000087780000)
 Metaspace       used 34299K, capacity 35300K, committed 35416K, reserved 1079296K
  class space    used 4665K, capacity 4896K, committed 4952K, reserved 1048576K
Event: 3.620 GC heap after
Heap after GC invocations=7 (full 2):
 PSYoungGen      total 98816K, used 0K [0x00000000d6000000, 0x00000000dea00000, 0x0000000100000000)
  eden space 93696K, 0% used [0x00000000d6000000,0x00000000d6000000,0x00000000dbb80000)
  from space 5120K, 0% used [0x00000000de000000,0x00000000de000000,0x00000000de500000)
  to   space 5120K, 0% used [0x00000000de500000,0x00000000de500000,0x00000000dea00000)
 ParOldGen       total 89600K, used 28432K [0x0000000082000000, 0x0000000087780000, 0x00000000d6000000)
  object space 89600K, 31% used [0x0000000082000000,0x0000000083bc4320,0x0000000087780000)
 Metaspace       used 34299K, capacity 35300K, committed 35416K, reserved 1079296K
  class space    used 4665K, capacity 4896K, committed 4952K, reserved 1048576K
}

